<?xml version="1.0" encoding="UTF-8"?>
<coverage generated="1668343471958" clover="3.2.0">
  <project timestamp="1668343471959" name="All files">
    <metrics statements="9" coveredstatements="9" conditionals="2" coveredconditionals="2" methods="6" coveredmethods="6" elements="17" coveredelements="17" complexity="0" loc="9" ncloc="9" packages="1" files="1" classes="1"/>
    <file name="team.js" path="C:\Users\Пользователь\Desktop\ajs8.1\src\team.js">
      <metrics statements="9" coveredstatements="9" conditionals="2" coveredconditionals="2" methods="6" coveredmethods="6"/>
      <line num="3" count="1" type="stmt"/>
      <line num="7" count="2" type="stmt"/>
      <line num="8" count="2" type="stmt"/>
      <line num="9" count="2" type="cond" truecount="2" falsecount="0"/>
      <line num="10" count="1" type="stmt"/>
      <line num="15" count="8" type="stmt"/>
      <line num="19" count="1" type="stmt"/>
      <line num="20" count="5" type="stmt"/>
      <line num="21" count="1" type="stmt"/>
    </file>
  </project>
</coverage>
